<?xml version="1.0" encoding="UTF-8"?>
<!-- Generated by org.testng.reporters.JUnitReportReporter -->
<testsuite hostname="Sam" failures="0" tests="3" name="testScripts.HomeP" time="5.540" errors="0" timestamp="2023-11-22T09:57:05 EST" skipped="0">
  <testcase classname="testScripts.HomeP" name="careerPath" time="1.651"/>
  <system-out/>
  <testcase classname="testScripts.HomeP" name="ownPace" time="1.557"/>
  <system-out/>
  <testcase classname="testScripts.HomeP" name="payingJob" time="2.332"/>
  <system-out/>
</testsuite> <!-- testScripts.HomeP -->
