<?xml version="1.0" encoding="UTF-8"?>
<!-- Generated by org.testng.reporters.JUnitReportReporter -->
<testsuite hostname="Sam" failures="0" tests="1" name="testScripts.HomeP" time="1.055" errors="0" timestamp="2023-11-21T22:27:32 EST" skipped="0">
  <testcase classname="testScripts.HomeP" name="careerPath" time="1.055"/>
  <system-out/>
</testsuite> <!-- testScripts.HomeP -->
