<?xml version="1.0" encoding="UTF-8"?>
<!-- Generated by org.testng.reporters.JUnitReportReporter -->
<testsuite hostname="Sam" failures="0" tests="3" name="scripts.HomePageScript" time="4.808" errors="0" timestamp="2023-11-22T18:53:47 EST" skipped="0">
  <testcase classname="scripts.HomePageScript" name="careerPath" time="2.483"/>
  <system-out/>
  <testcase classname="scripts.HomePageScript" name="ownPace" time="1.186"/>
  <system-out/>
  <testcase classname="scripts.HomePageScript" name="payingJob" time="1.139"/>
  <system-out/>
</testsuite> <!-- scripts.HomePageScript -->
