<?xml version="1.0" encoding="UTF-8"?>
<!-- Generated by org.testng.reporters.JUnitReportReporter -->
<testsuite hostname="Sam" failures="0" tests="1" name="testScripts.HomePage" time="0.006" errors="0" timestamp="2023-11-15T18:40:02 EST" skipped="0">
  <testcase classname="testScripts.HomePage" name="test" time="0.006"/>
  <system-out/>
</testsuite> <!-- testScripts.HomePage -->
