<?xml version="1.0" encoding="UTF-8"?>
<!-- Generated by org.testng.reporters.JUnitReportReporter -->
<testsuite hostname="Sam" failures="0" tests="3" name="scripts.HomePageScript" time="29.508" errors="0" timestamp="2023-11-22T18:30:42 EST" skipped="0">
  <testcase classname="scripts.HomePageScript" name="careerPath" time="26.731"/>
  <system-out/>
  <testcase classname="scripts.HomePageScript" name="ownPace" time="1.207"/>
  <system-out/>
  <testcase classname="scripts.HomePageScript" name="payingJob" time="1.570"/>
  <system-out/>
</testsuite> <!-- scripts.HomePageScript -->
