<?xml version="1.0" encoding="UTF-8"?>
<!-- Generated by org.testng.reporters.JUnitReportReporter -->
<testsuite name="sauceDemoTest.Scripts.ValidatingChart2" tests="6" time="3.846" ignored="0" failures="0" timestamp="08 Jul 2022 09:36:15 GMT" skipped="0" hostname="LAPTOP-F33J5HS6" errors="0">
  <testcase name="validateaddToChartFleeceJacket" time="0.513" classname="sauceDemoTest.Scripts.ValidatingChart2"/>
  <testcase name="validateAddToChartBackPack" time="1.091" classname="sauceDemoTest.Scripts.ValidatingChart2"/>
  <testcase name="getFleeceJacket" time="0.620" classname="sauceDemoTest.Scripts.ValidatingChart2"/>
  <testcase name="getBoltTshirt" time="0.529" classname="sauceDemoTest.Scripts.ValidatingChart2"/>
  <testcase name="getBackPackName" time="0.512" classname="sauceDemoTest.Scripts.ValidatingChart2"/>
  <testcase name="validateaddToChartBoltTshirt" time="0.581" classname="sauceDemoTest.Scripts.ValidatingChart2"/>
</testsuite> <!-- sauceDemoTest.Scripts.ValidatingChart2 -->
