<?xml version="1.0" encoding="UTF-8"?>
<!-- Generated by org.testng.reporters.JUnitReportReporter -->
<testsuite name="sauceDemoTest.Scripts.sam" tests="2" time="1.594" ignored="0" failures="0" timestamp="29 Apr 2022 15:37:27 GMT" skipped="0" hostname="LAPTOP-F33J5HS6" errors="0">
  <testcase name="validateAddToChartBackPack" time="0.546" classname="sauceDemoTest.Scripts.sam"/>
  <testcase name="ReadBackPackName" time="1.048" classname="sauceDemoTest.Scripts.sam"/>
</testsuite> <!-- sauceDemoTest.Scripts.sam -->
