<?xml version="1.0" encoding="UTF-8"?>
<!-- Generated by org.testng.reporters.JUnitReportReporter -->
<testsuite name="sauceDemoTest.Scripts.validateLogin" tests="2" time="3.264" ignored="0" failures="0" timestamp="08 Jul 2022 09:36:15 GMT" skipped="0" hostname="LAPTOP-F33J5HS6" errors="0">
  <testcase name="validatePositiveLogin" time="1.589" classname="sauceDemoTest.Scripts.validateLogin"/>
  <testcase name="validateNegativeLogin" time="1.675" classname="sauceDemoTest.Scripts.validateLogin"/>
</testsuite> <!-- sauceDemoTest.Scripts.validateLogin -->
