<?xml version="1.0" encoding="UTF-8"?>
<!-- Generated by org.testng.reporters.JUnitReportReporter -->
<testsuite name="sauceDemoTest.Scripts.valiadateLoginElements" tests="3" time="0.236" ignored="0" failures="0" timestamp="03 May 2022 20:35:33 GMT" skipped="0" hostname="LAPTOP-F33J5HS6" errors="0">
  <testcase name="enableUsername" time="0.095" classname="sauceDemoTest.Scripts.valiadateLoginElements"/>
  <testcase name="enablePassword" time="0.071" classname="sauceDemoTest.Scripts.valiadateLoginElements"/>
  <testcase name="enablelogin" time="0.070" classname="sauceDemoTest.Scripts.valiadateLoginElements"/>
</testsuite> <!-- sauceDemoTest.Scripts.valiadateLoginElements -->
